[18:59:04] [main/INFO] (Launcher) ModLauncher running: args [--launchTarget, forgeclientuserdev, --version, 21.1.51, --assetIndex, 1.21.1-17, --assetsDir, C:\Users\Administrator\.gradle\caches\fabric-loom\assets, --gameDir, ., --fml.neoForgeVersion, 21.1.51, --fml.fmlVersion, 4.0.24, --fml.mcVersion, 1.21.1, --fml.neoFormVersion, 20240808.144430]
[18:59:04] [main/INFO] (Launcher) JVM identified as Amazon.com Inc. OpenJDK 64-Bit Server VM 21.0.4+7-LTS
[18:59:04] [main/INFO] (Launcher) ModLauncher 11.0.4+main.d2e20e43 starting: java version 21.0.4 by Amazon.com Inc.; OS Windows 11 arch amd64 version 10.0
[18:59:04] [main/INFO] (ImmediateWindowHandler) Loading ImmediateWindowProvider fmlearlywindow
[18:59:04] [main/INFO] (EARLYDISPLAY) Trying GL version 4.6
[18:59:05] [main/INFO] (EARLYDISPLAY) Requested GL version 4.6 got version 4.6
[18:59:05] [main/INFO] (mixin) SpongePowered MIXIN Subsystem Version=0.8.7 Source=union:/C:/Users/Administrator/.gradle/caches/modules-2/files-2.1/net.fabricmc/sponge-mixin/0.15.2+mixin.0.8.7/2af2f021d8e02a0220dc27a7a72b4666d66d44ca/sponge-mixin-0.15.2+mixin.0.8.7.jar%23119!/ Service=ModLauncher Env=CLIENT
[18:59:05] [main/INFO] (ModDiscoverer) Found mod file "neoforge-21.1.51-minecraft-merged-1.21.1-loom.mappings.1_21_1.layered+hash.40545-v2-neoforge-21.1.51.jar" [locator: neoforge devenv provider ([C:\Users\Administrator\.gradle\caches\fabric-loom\minecraftMaven\net\minecraft\neoforge-21.1.51-minecraft-merged\1.21.1-loom.mappings.1_21_1.layered+hash.40545-v2-neoforge-21.1.51\neoforge-21.1.51-minecraft-merged-1.21.1-loom.mappings.1_21_1.layered+hash.40545-v2-neoforge-21.1.51.jar])]
[18:59:05] [pool-5-thread-1/INFO] (EARLYDISPLAY) GL info: NVIDIA GeForce RTX 2060/PCIe/SSE2 GL version 4.6.0 NVIDIA 560.38, NVIDIA Corporation
[18:59:05] [main/INFO] (ModDiscoverer) Found mod file "neoforge-21.1.51-minecraft-merged-1.21.1-loom.mappings.1_21_1.layered+hash.40545-v2-neoforge-21.1.51.jar" [locator: neoforge devenv provider ([C:\Users\Administrator\.gradle\caches\fabric-loom\minecraftMaven\net\minecraft\neoforge-21.1.51-minecraft-merged\1.21.1-loom.mappings.1_21_1.layered+hash.40545-v2-neoforge-21.1.51\neoforge-21.1.51-minecraft-merged-1.21.1-loom.mappings.1_21_1.layered+hash.40545-v2-neoforge-21.1.51.jar])]
[18:59:05] [main/INFO] (ModDiscoverer) Found mod file "main" [locator: userdev mods and services, reader: mod manifest]
[18:59:05] [main/INFO] (ModDiscoverer) Found mod file "farmers-delight-398521-5566383.jar" [locator: userdev mods and services, reader: mod manifest]
[18:59:05] [main/INFO] (ModDiscoverer) Found mod file "puzzles-lib-495476-5720482.jar" [locator: userdev mods and services, reader: mod manifest]
[18:59:05] [main/INFO] (ModDiscoverer) Found mod file "neoforge-21.1.51-minecraft-merged-1.21.1-loom.mappings.1_21_1.layered+hash.40545-v2-neoforge-21.1.51.jar" [locator: userdev mods and services, reader: mod manifest]
[18:59:05] [main/INFO] (ModDiscoverer) Found mod file "architectury-neoforge-13.0.6.jar" [locator: userdev mods and services, reader: mod manifest]
[18:59:05] [main/INFO] (ModDiscoverer) Found mod file "7356454018170415170.jar" [locator: userdev mods and services, reader: mod manifest]
[18:59:05] [main/INFO] (ModDiscoverer) Found gamelibrary file "mixinextras-neoforge-0.4.1.jar" [locator: userdev mods and services, reader: mod manifest]
[18:59:05] [main/WARN] (JarSelector) Attempted to select a dependency jar for JarJar which was passed in as source: mixinextras-neoforge-0.4.1.jar. Using Mod File: C:\Users\Administrator\.gradle\caches\modules-2\files-2.1\io.github.llamalad7\mixinextras-neoforge\0.4.1\eff97772ecd0dcf8e52cdbafd3b3ccec425f8314\mixinextras-neoforge-0.4.1.jar
[18:59:05] [main/INFO] (JarInJarDependencyLocator) No dependencies to load found. Skipping!
[18:59:05] [main/INFO] (FMLServiceProvider) Loading coremod script-engine for [neoforge]
[18:59:07] [main/INFO] (mixin) Compatibility level set to JAVA_17
[18:59:07] [main/INFO] (mixin) Compatibility level set to JAVA_21
[18:59:07] [main/INFO] (LaunchServiceHandler) Launching target 'forgeclientuserdev' with arguments [--version, 21.1.51, --gameDir, ., --assetsDir, C:\Users\Administrator\.gradle\caches\fabric-loom\assets, --assetIndex, 1.21.1-17]
[18:59:07] [main/INFO] (unprotect) Found 8254 Minecraft classes
[18:59:07] [main/INFO] (Puzzles Lib) Loading 7 mods:
	- architectury 13.0.6
	- farmersdelight 1.2.4
	- generated_67a6f42 1
	- minecraft 1.21.1
	- neoforge 21.1.51
	- puzzleslib 21.1.3
	- seedsdelight 1.0-SNAPSHOT
[18:59:08] [main/INFO] (MixinExtras|Service) Initializing MixinExtras via com.llamalad7.mixinextras.service.MixinExtrasServiceImpl(version=0.4.1).
[159月2024 18:59:11.350] [Datafixer Bootstrap/INFO] [com.mojang.datafixers.DataFixerBuilder/]: 229 Datafixer optimizations took 463 milliseconds
[159月2024 18:59:20.052] [main/WARN] [net.minecraft.commands.Commands/]: Ambiguity between arguments [teleport, location] and [teleport, destination] with inputs: [0.1 -0.5 .9, 0 0 0]
[159月2024 18:59:20.055] [main/WARN] [net.minecraft.commands.Commands/]: Ambiguity between arguments [teleport, location] and [teleport, targets] with inputs: [0.1 -0.5 .9, 0 0 0]
[159月2024 18:59:20.058] [main/WARN] [net.minecraft.commands.Commands/]: Ambiguity between arguments [teleport, destination] and [teleport, targets] with inputs: [Player, 0123, @e, dd12be42-52a9-4a91-a8a1-11c01849e498]
[159月2024 18:59:20.060] [main/WARN] [net.minecraft.commands.Commands/]: Ambiguity between arguments [teleport, targets] and [teleport, destination] with inputs: [Player, 0123, dd12be42-52a9-4a91-a8a1-11c01849e498]
[159月2024 18:59:20.061] [main/WARN] [net.minecraft.commands.Commands/]: Ambiguity between arguments [teleport, targets, location] and [teleport, targets, destination] with inputs: [0.1 -0.5 .9, 0 0 0]
[159月2024 18:59:20.273] [Render thread/WARN] [net.minecraft.server.packs.VanillaPackResourcesBuilder/]: Assets URL 'union:/C:/Users/Administrator/.gradle/caches/fabric-loom/minecraftMaven/net/minecraft/neoforge-21.1.51-minecraft-merged/1.21.1-loom.mappings.1_21_1.layered+hash.40545-v2-neoforge-21.1.51/neoforge-21.1.51-minecraft-merged-1.21.1-loom.mappings.1_21_1.layered+hash.40545-v2-neoforge-21.1.51.jar%23191!/assets/.mcassetsroot' uses unexpected schema
[159月2024 18:59:20.273] [Render thread/WARN] [net.minecraft.server.packs.VanillaPackResourcesBuilder/]: Assets URL 'union:/C:/Users/Administrator/.gradle/caches/fabric-loom/minecraftMaven/net/minecraft/neoforge-21.1.51-minecraft-merged/1.21.1-loom.mappings.1_21_1.layered+hash.40545-v2-neoforge-21.1.51/neoforge-21.1.51-minecraft-merged-1.21.1-loom.mappings.1_21_1.layered+hash.40545-v2-neoforge-21.1.51.jar%23191!/data/.mcassetsroot' uses unexpected schema
[159月2024 18:59:20.340] [Render thread/INFO] [com.mojang.authlib.yggdrasil.YggdrasilAuthenticationService/]: Environment: Environment[sessionHost=https://sessionserver.mojang.com, servicesHost=https://api.minecraftservices.com, name=PROD]
[159月2024 18:59:20.367] [Render thread/INFO] [net.minecraft.client.Minecraft/]: Setting user: Dev
[159月2024 18:59:20.543] [Render thread/INFO] [net.minecraft.client.Minecraft/]: Backend library: LWJGL version 3.3.3+5
[159月2024 18:59:20.940] [modloading-worker-0/INFO] [Puzzles Lib/]: Constructing common components for puzzleslib:main
[159月2024 18:59:20.992] [modloading-worker-0/INFO] [net.neoforged.neoforge.common.NeoForgeMod/NEOFORGE-MOD]: NeoForge mod loading, version 21.1.51, for MC 1.21.1
[159月2024 18:59:21.122] [modloading-worker-0/INFO] [Puzzles Lib/]: Constructing client components for puzzleslib:main
[159月2024 18:59:21.253] [modloading-worker-0/INFO] [Puzzles Lib/]: Constructing common components for seedsdelight:main
[159月2024 18:59:22.927] [Render thread/INFO] [net.neoforged.neoforge.gametest.GameTestHooks/]: Enabled Gametest Namespaces: []
[159月2024 18:59:23.274] [Render thread/INFO] [net.minecraft.server.packs.resources.ReloadableResourceManager/]: Reloading ResourceManager: vanilla, mod_resources, mod/puzzleslib, mod/farmersdelight, mod/generated_67a6f42, mod/architectury, mod/seedsdelight, mod/neoforge
[159月2024 18:59:23.422] [Forge Version Check/INFO] [net.neoforged.fml.VersionChecker/]: [puzzleslib] Starting version check at https://raw.githubusercontent.com/Fuzss/modresources/main/update/puzzleslib.json
[159月2024 18:59:23.463] [Worker-Main-6/INFO] [net.minecraft.client.gui.font.providers.UnihexProvider/]: Found unifont_all_no_pua-15.1.05.hex, loading
[159月2024 18:59:23.529] [Worker-Main-4/INFO] [net.minecraft.client.gui.font.providers.UnihexProvider/]: Found unifont_jp_patch-15.1.05.hex, loading
[159月2024 18:59:24.366] [Worker-Main-2/WARN] [net.minecraft.client.resources.model.ModelBakery/]: Unable to load model: 'seeddelight:block/pinecone_bag' referenced from: seeddelight:block/pinecone_bag: java.io.FileNotFoundException: seeddelight:models/block/pinecone_bag.json
[159月2024 18:59:24.948] [Forge Version Check/INFO] [net.neoforged.fml.VersionChecker/]: [puzzleslib] Found status: UP_TO_DATE Current: 21.1.3 Target: null
[159月2024 18:59:25.766] [Render thread/WARN] [net.minecraft.client.sounds.SoundEngine/]: Missing sound for event: minecraft:item.goat_horn.play
[159月2024 18:59:25.766] [Render thread/WARN] [net.minecraft.client.sounds.SoundEngine/]: Missing sound for event: minecraft:entity.goat.screaming.horn_break
[159月2024 18:59:26.362] [Render thread/INFO] [com.mojang.blaze3d.audio.Library/]: OpenAL initialized on device OpenAL Soft on 扬声器 (Realtek High Definition Audio)
[159月2024 18:59:26.363] [Render thread/INFO] [net.minecraft.client.sounds.SoundEngine/SOUNDS]: Sound engine started
[159月2024 18:59:26.503] [Render thread/INFO] [net.minecraft.client.renderer.texture.TextureAtlas/]: Created: 1024x1024x4 minecraft:textures/atlas/blocks.png-atlas
[159月2024 18:59:26.514] [Render thread/INFO] [net.minecraft.client.renderer.texture.TextureAtlas/]: Created: 512x256x4 minecraft:textures/atlas/signs.png-atlas
[159月2024 18:59:26.515] [Render thread/INFO] [net.minecraft.client.renderer.texture.TextureAtlas/]: Created: 512x512x4 minecraft:textures/atlas/banner_patterns.png-atlas
[159月2024 18:59:26.515] [Render thread/INFO] [net.minecraft.client.renderer.texture.TextureAtlas/]: Created: 512x512x4 minecraft:textures/atlas/shield_patterns.png-atlas
[159月2024 18:59:26.516] [Render thread/INFO] [net.minecraft.client.renderer.texture.TextureAtlas/]: Created: 1024x1024x4 minecraft:textures/atlas/armor_trims.png-atlas
[159月2024 18:59:26.518] [Render thread/INFO] [net.minecraft.client.renderer.texture.TextureAtlas/]: Created: 256x256x4 minecraft:textures/atlas/chest.png-atlas
[159月2024 18:59:26.518] [Render thread/INFO] [net.minecraft.client.renderer.texture.TextureAtlas/]: Created: 128x64x4 minecraft:textures/atlas/decorated_pot.png-atlas
[159月2024 18:59:26.519] [Render thread/INFO] [net.minecraft.client.renderer.texture.TextureAtlas/]: Created: 512x256x4 minecraft:textures/atlas/beds.png-atlas
[159月2024 18:59:26.519] [Render thread/INFO] [net.minecraft.client.renderer.texture.TextureAtlas/]: Created: 512x256x4 minecraft:textures/atlas/shulker_boxes.png-atlas
[159月2024 18:59:26.588] [Render thread/INFO] [net.minecraft.client.renderer.texture.TextureAtlas/]: Created: 512x256x0 minecraft:textures/atlas/particles.png-atlas
[159月2024 18:59:26.589] [Render thread/INFO] [net.minecraft.client.renderer.texture.TextureAtlas/]: Created: 512x256x0 minecraft:textures/atlas/paintings.png-atlas
[159月2024 18:59:26.590] [Render thread/INFO] [net.minecraft.client.renderer.texture.TextureAtlas/]: Created: 256x128x0 minecraft:textures/atlas/mob_effects.png-atlas
[159月2024 18:59:26.591] [Render thread/INFO] [net.minecraft.client.renderer.texture.TextureAtlas/]: Created: 64x64x0 minecraft:textures/atlas/map_decorations.png-atlas
[159月2024 18:59:26.591] [Render thread/INFO] [net.minecraft.client.renderer.texture.TextureAtlas/]: Created: 1024x512x0 minecraft:textures/atlas/gui.png-atlas
[159月2024 18:59:26.623] [Render thread/WARN] [net.minecraft.client.renderer.ShaderInstance/]: Shader rendertype_entity_translucent_emissive could not find sampler named Sampler2 in the specified shader program.
[159月2024 18:59:26.702] [Render thread/INFO] [net.neoforged.neoforge.client.entity.animation.json.AnimationLoader/]: Loaded 0 entity animations
[159月2024 18:59:32.811] [Render thread/ERROR] [net.minecraft.world.item.crafting.RecipeManager/]: Parsing error loading recipe seedsdelight:cooking/sunflower_seed_crisp
com.google.gson.JsonParseException: No key id in MapLike[{"item":{"id":"seedsdelight:sunflower_seed_crisp","count":5}}]
	at MC-BOOTSTRAP/datafixerupper@8.0.16/com.mojang.serialization.DataResult$Error.getOrThrow(DataResult.java:287) ~[datafixerupper-8.0.16.jar%23149!/:?]
	at TRANSFORMER/minecraft@1.21.1/net.minecraft.world.item.crafting.RecipeManager.apply(RecipeManager.java:60) ~[neoforge-21.1.51-minecraft-merged-1.21.1-loom.mappings.1_21_1.layered+hash.40545-v2-neoforge-21.1.51.jar%23191!/:?]
	at TRANSFORMER/minecraft@1.21.1/net.minecraft.world.item.crafting.RecipeManager.apply(RecipeManager.java:36) ~[neoforge-21.1.51-minecraft-merged-1.21.1-loom.mappings.1_21_1.layered+hash.40545-v2-neoforge-21.1.51.jar%23191!/:?]
	at TRANSFORMER/minecraft@1.21.1/net.minecraft.server.packs.resources.SimplePreparableReloadListener.method_18790(SimplePreparableReloadListener.java:19) ~[neoforge-21.1.51-minecraft-merged-1.21.1-loom.mappings.1_21_1.layered+hash.40545-v2-neoforge-21.1.51.jar%23191!/:?]
	at java.base/java.util.concurrent.CompletableFuture$UniAccept.tryFire(CompletableFuture.java:718) ~[?:?]
	at java.base/java.util.concurrent.CompletableFuture$Completion.run(CompletableFuture.java:482) ~[?:?]
	at TRANSFORMER/minecraft@1.21.1/net.minecraft.server.packs.resources.SimpleReloadInstance.method_18365(SimpleReloadInstance.java:69) ~[neoforge-21.1.51-minecraft-merged-1.21.1-loom.mappings.1_21_1.layered+hash.40545-v2-neoforge-21.1.51.jar%23191!/:?]
	at TRANSFORMER/minecraft@1.21.1/net.minecraft.util.thread.BlockableEventLoop.doRunTask(BlockableEventLoop.java:148) ~[neoforge-21.1.51-minecraft-merged-1.21.1-loom.mappings.1_21_1.layered+hash.40545-v2-neoforge-21.1.51.jar%23191!/:?]
	at TRANSFORMER/minecraft@1.21.1/net.minecraft.util.thread.ReentrantBlockableEventLoop.doRunTask(ReentrantBlockableEventLoop.java:23) ~[neoforge-21.1.51-minecraft-merged-1.21.1-loom.mappings.1_21_1.layered+hash.40545-v2-neoforge-21.1.51.jar%23191!/:?]
	at TRANSFORMER/minecraft@1.21.1/net.minecraft.util.thread.BlockableEventLoop.pollTask(BlockableEventLoop.java:122) ~[neoforge-21.1.51-minecraft-merged-1.21.1-loom.mappings.1_21_1.layered+hash.40545-v2-neoforge-21.1.51.jar%23191!/:?]
	at TRANSFORMER/minecraft@1.21.1/net.minecraft.util.thread.BlockableEventLoop.managedBlock(BlockableEventLoop.java:132) ~[neoforge-21.1.51-minecraft-merged-1.21.1-loom.mappings.1_21_1.layered+hash.40545-v2-neoforge-21.1.51.jar%23191!/:?]
	at TRANSFORMER/minecraft@1.21.1/net.minecraft.client.gui.screens.worldselection.CreateWorldScreen.openFresh(CreateWorldScreen.java:139) ~[neoforge-21.1.51-minecraft-merged-1.21.1-loom.mappings.1_21_1.layered+hash.40545-v2-neoforge-21.1.51.jar%23191!/:?]
	at TRANSFORMER/minecraft@1.21.1/net.minecraft.client.gui.screens.worldselection.SelectWorldScreen.method_19944(SelectWorldScreen.java:54) ~[neoforge-21.1.51-minecraft-merged-1.21.1-loom.mappings.1_21_1.layered+hash.40545-v2-neoforge-21.1.51.jar%23191!/:?]
	at TRANSFORMER/minecraft@1.21.1/net.minecraft.client.gui.components.Button.onPress(Button.java:41) ~[neoforge-21.1.51-minecraft-merged-1.21.1-loom.mappings.1_21_1.layered+hash.40545-v2-neoforge-21.1.51.jar%23191!/:?]
	at TRANSFORMER/minecraft@1.21.1/net.minecraft.client.gui.components.AbstractButton.onClick(AbstractButton.java:47) ~[neoforge-21.1.51-minecraft-merged-1.21.1-loom.mappings.1_21_1.layered+hash.40545-v2-neoforge-21.1.51.jar%23191!/:?]
	at TRANSFORMER/neoforge@21.1.51/net.neoforged.neoforge.client.extensions.IAbstractWidgetExtension.onClick(IAbstractWidgetExtension.java:36) ~[neoforge-21.1.51-minecraft-merged-1.21.1-loom.mappings.1_21_1.layered+hash.40545-v2-neoforge-21.1.51.jar%23192!/:?]
	at TRANSFORMER/minecraft@1.21.1/net.minecraft.client.gui.components.AbstractWidget.mouseClicked(AbstractWidget.java:144) ~[neoforge-21.1.51-minecraft-merged-1.21.1-loom.mappings.1_21_1.layered+hash.40545-v2-neoforge-21.1.51.jar%23191!/:?]
	at TRANSFORMER/minecraft@1.21.1/net.minecraft.client.gui.components.events.ContainerEventHandler.mouseClicked(ContainerEventHandler.java:38) ~[neoforge-21.1.51-minecraft-merged-1.21.1-loom.mappings.1_21_1.layered+hash.40545-v2-neoforge-21.1.51.jar%23191!/:?]
	at TRANSFORMER/minecraft@1.21.1/net.minecraft.client.MouseHandler.method_1611(MouseHandler.java:98) ~[neoforge-21.1.51-minecraft-merged-1.21.1-loom.mappings.1_21_1.layered+hash.40545-v2-neoforge-21.1.51.jar%23191!/:?]
	at TRANSFORMER/minecraft@1.21.1/net.minecraft.client.gui.screens.Screen.wrapScreenError(Screen.java:449) ~[neoforge-21.1.51-minecraft-merged-1.21.1-loom.mappings.1_21_1.layered+hash.40545-v2-neoforge-21.1.51.jar%23191!/:?]
	at TRANSFORMER/minecraft@1.21.1/net.minecraft.client.MouseHandler.onPress(MouseHandler.java:95) ~[neoforge-21.1.51-minecraft-merged-1.21.1-loom.mappings.1_21_1.layered+hash.40545-v2-neoforge-21.1.51.jar%23191!/:?]
	at TRANSFORMER/minecraft@1.21.1/net.minecraft.client.MouseHandler.method_22686(MouseHandler.java:202) ~[neoforge-21.1.51-minecraft-merged-1.21.1-loom.mappings.1_21_1.layered+hash.40545-v2-neoforge-21.1.51.jar%23191!/:?]
	at TRANSFORMER/minecraft@1.21.1/net.minecraft.util.thread.BlockableEventLoop.execute(BlockableEventLoop.java:98) ~[neoforge-21.1.51-minecraft-merged-1.21.1-loom.mappings.1_21_1.layered+hash.40545-v2-neoforge-21.1.51.jar%23191!/:?]
	at TRANSFORMER/minecraft@1.21.1/net.minecraft.client.MouseHandler.method_22684(MouseHandler.java:202) ~[neoforge-21.1.51-minecraft-merged-1.21.1-loom.mappings.1_21_1.layered+hash.40545-v2-neoforge-21.1.51.jar%23191!/:?]
	at MC-BOOTSTRAP/org.lwjgl.glfw@3.3.3+5/org.lwjgl.glfw.GLFWMouseButtonCallbackI.callback(GLFWMouseButtonCallbackI.java:43) ~[lwjgl-glfw-3.3.3.jar%23172!/:build 5]
	at MC-BOOTSTRAP/org.lwjgl@3.3.3+5/org.lwjgl.system.JNI.invokeV(Native Method) ~[lwjgl-3.3.3.jar%23184!/:build 5]
	at MC-BOOTSTRAP/org.lwjgl.glfw@3.3.3+5/org.lwjgl.glfw.GLFW.glfwWaitEventsTimeout(GLFW.java:3509) ~[lwjgl-glfw-3.3.3.jar%23172!/:build 5]
	at TRANSFORMER/minecraft@1.21.1/com.mojang.blaze3d.systems.RenderSystem.limitDisplayFPS(RenderSystem.java:162) ~[neoforge-21.1.51-minecraft-merged-1.21.1-loom.mappings.1_21_1.layered+hash.40545-v2-neoforge-21.1.51.jar%23191!/:?]
	at TRANSFORMER/minecraft@1.21.1/net.minecraft.client.Minecraft.runTick(Minecraft.java:1220) ~[neoforge-21.1.51-minecraft-merged-1.21.1-loom.mappings.1_21_1.layered+hash.40545-v2-neoforge-21.1.51.jar%23191!/:?]
	at TRANSFORMER/minecraft@1.21.1/net.minecraft.client.Minecraft.run(Minecraft.java:807) ~[neoforge-21.1.51-minecraft-merged-1.21.1-loom.mappings.1_21_1.layered+hash.40545-v2-neoforge-21.1.51.jar%23191!/:?]
	at TRANSFORMER/minecraft@1.21.1/net.minecraft.client.main.Main.main(Main.java:230) ~[neoforge-21.1.51-minecraft-merged-1.21.1-loom.mappings.1_21_1.layered+hash.40545-v2-neoforge-21.1.51.jar%23191!/:?]
	at java.base/jdk.internal.reflect.DirectMethodHandleAccessor.invoke(DirectMethodHandleAccessor.java:103) ~[?:?]
	at java.base/java.lang.reflect.Method.invoke(Method.java:580) ~[?:?]
	at MC-BOOTSTRAP/fml_loader@4.0.24/net.neoforged.fml.loading.targets.CommonLaunchHandler.runTarget(CommonLaunchHandler.java:136) ~[loader-4.0.24.jar%23104!/:4.0]
	at MC-BOOTSTRAP/fml_loader@4.0.24/net.neoforged.fml.loading.targets.CommonLaunchHandler.clientService(CommonLaunchHandler.java:124) ~[loader-4.0.24.jar%23104!/:4.0]
	at MC-BOOTSTRAP/fml_loader@4.0.24/net.neoforged.fml.loading.targets.NeoForgeClientUserdevLaunchHandler.runService(NeoForgeClientUserdevLaunchHandler.java:23) ~[loader-4.0.24.jar%23104!/:4.0]
	at MC-BOOTSTRAP/fml_loader@4.0.24/net.neoforged.fml.loading.targets.CommonLaunchHandler.lambda$launchService$4(CommonLaunchHandler.java:118) ~[loader-4.0.24.jar%23104!/:4.0]
	at MC-BOOTSTRAP/cpw.mods.modlauncher@11.0.4/cpw.mods.modlauncher.LaunchServiceHandlerDecorator.launch(LaunchServiceHandlerDecorator.java:30) [modlauncher-11.0.4.jar%23106!/:?]
	at MC-BOOTSTRAP/cpw.mods.modlauncher@11.0.4/cpw.mods.modlauncher.LaunchServiceHandler.launch(LaunchServiceHandler.java:53) [modlauncher-11.0.4.jar%23106!/:?]
	at MC-BOOTSTRAP/cpw.mods.modlauncher@11.0.4/cpw.mods.modlauncher.LaunchServiceHandler.launch(LaunchServiceHandler.java:71) [modlauncher-11.0.4.jar%23106!/:?]
	at MC-BOOTSTRAP/cpw.mods.modlauncher@11.0.4/cpw.mods.modlauncher.Launcher.run(Launcher.java:103) [modlauncher-11.0.4.jar%23106!/:?]
	at MC-BOOTSTRAP/cpw.mods.modlauncher@11.0.4/cpw.mods.modlauncher.Launcher.main(Launcher.java:74) [modlauncher-11.0.4.jar%23106!/:?]
	at MC-BOOTSTRAP/cpw.mods.modlauncher@11.0.4/cpw.mods.modlauncher.BootstrapLaunchConsumer.accept(BootstrapLaunchConsumer.java:26) [modlauncher-11.0.4.jar%23106!/:?]
	at MC-BOOTSTRAP/cpw.mods.modlauncher@11.0.4/cpw.mods.modlauncher.BootstrapLaunchConsumer.accept(BootstrapLaunchConsumer.java:23) [modlauncher-11.0.4.jar%23106!/:?]
	at cpw.mods.bootstraplauncher.BootstrapLauncher.run(BootstrapLauncher.java:210) [bootstraplauncher-2.0.2.jar:?]
	at cpw.mods.bootstraplauncher.BootstrapLauncher.main(BootstrapLauncher.java:69) [bootstraplauncher-2.0.2.jar:?]
	at net.fabricmc.devlaunchinjector.Main.main(Main.java:86) [dev-launch-injector-0.2.1+build.8.jar:?]
	at dev.architectury.transformer.TransformerRuntime.main(TransformerRuntime.java:220) [architectury-transformer-5.2.87-runtime.jar:5.2.87]
[159月2024 18:59:32.831] [Render thread/ERROR] [net.minecraft.world.item.crafting.RecipeManager/]: Parsing error loading recipe seedsdelight:cooking/seed_tart
com.google.gson.JsonParseException: No key id in MapLike[{"item":{"id":"seedsdelight:seed_tart","count":4}}]
	at MC-BOOTSTRAP/datafixerupper@8.0.16/com.mojang.serialization.DataResult$Error.getOrThrow(DataResult.java:287) ~[datafixerupper-8.0.16.jar%23149!/:?]
	at TRANSFORMER/minecraft@1.21.1/net.minecraft.world.item.crafting.RecipeManager.apply(RecipeManager.java:60) ~[neoforge-21.1.51-minecraft-merged-1.21.1-loom.mappings.1_21_1.layered+hash.40545-v2-neoforge-21.1.51.jar%23191!/:?]
	at TRANSFORMER/minecraft@1.21.1/net.minecraft.world.item.crafting.RecipeManager.apply(RecipeManager.java:36) ~[neoforge-21.1.51-minecraft-merged-1.21.1-loom.mappings.1_21_1.layered+hash.40545-v2-neoforge-21.1.51.jar%23191!/:?]
	at TRANSFORMER/minecraft@1.21.1/net.minecraft.server.packs.resources.SimplePreparableReloadListener.method_18790(SimplePreparableReloadListener.java:19) ~[neoforge-21.1.51-minecraft-merged-1.21.1-loom.mappings.1_21_1.layered+hash.40545-v2-neoforge-21.1.51.jar%23191!/:?]
	at java.base/java.util.concurrent.CompletableFuture$UniAccept.tryFire(CompletableFuture.java:718) ~[?:?]
	at java.base/java.util.concurrent.CompletableFuture$Completion.run(CompletableFuture.java:482) ~[?:?]
	at TRANSFORMER/minecraft@1.21.1/net.minecraft.server.packs.resources.SimpleReloadInstance.method_18365(SimpleReloadInstance.java:69) ~[neoforge-21.1.51-minecraft-merged-1.21.1-loom.mappings.1_21_1.layered+hash.40545-v2-neoforge-21.1.51.jar%23191!/:?]
	at TRANSFORMER/minecraft@1.21.1/net.minecraft.util.thread.BlockableEventLoop.doRunTask(BlockableEventLoop.java:148) ~[neoforge-21.1.51-minecraft-merged-1.21.1-loom.mappings.1_21_1.layered+hash.40545-v2-neoforge-21.1.51.jar%23191!/:?]
	at TRANSFORMER/minecraft@1.21.1/net.minecraft.util.thread.ReentrantBlockableEventLoop.doRunTask(ReentrantBlockableEventLoop.java:23) ~[neoforge-21.1.51-minecraft-merged-1.21.1-loom.mappings.1_21_1.layered+hash.40545-v2-neoforge-21.1.51.jar%23191!/:?]
	at TRANSFORMER/minecraft@1.21.1/net.minecraft.util.thread.BlockableEventLoop.pollTask(BlockableEventLoop.java:122) ~[neoforge-21.1.51-minecraft-merged-1.21.1-loom.mappings.1_21_1.layered+hash.40545-v2-neoforge-21.1.51.jar%23191!/:?]
	at TRANSFORMER/minecraft@1.21.1/net.minecraft.util.thread.BlockableEventLoop.managedBlock(BlockableEventLoop.java:132) ~[neoforge-21.1.51-minecraft-merged-1.21.1-loom.mappings.1_21_1.layered+hash.40545-v2-neoforge-21.1.51.jar%23191!/:?]
	at TRANSFORMER/minecraft@1.21.1/net.minecraft.client.gui.screens.worldselection.CreateWorldScreen.openFresh(CreateWorldScreen.java:139) ~[neoforge-21.1.51-minecraft-merged-1.21.1-loom.mappings.1_21_1.layered+hash.40545-v2-neoforge-21.1.51.jar%23191!/:?]
	at TRANSFORMER/minecraft@1.21.1/net.minecraft.client.gui.screens.worldselection.SelectWorldScreen.method_19944(SelectWorldScreen.java:54) ~[neoforge-21.1.51-minecraft-merged-1.21.1-loom.mappings.1_21_1.layered+hash.40545-v2-neoforge-21.1.51.jar%23191!/:?]
	at TRANSFORMER/minecraft@1.21.1/net.minecraft.client.gui.components.Button.onPress(Button.java:41) ~[neoforge-21.1.51-minecraft-merged-1.21.1-loom.mappings.1_21_1.layered+hash.40545-v2-neoforge-21.1.51.jar%23191!/:?]
	at TRANSFORMER/minecraft@1.21.1/net.minecraft.client.gui.components.AbstractButton.onClick(AbstractButton.java:47) ~[neoforge-21.1.51-minecraft-merged-1.21.1-loom.mappings.1_21_1.layered+hash.40545-v2-neoforge-21.1.51.jar%23191!/:?]
	at TRANSFORMER/neoforge@21.1.51/net.neoforged.neoforge.client.extensions.IAbstractWidgetExtension.onClick(IAbstractWidgetExtension.java:36) ~[neoforge-21.1.51-minecraft-merged-1.21.1-loom.mappings.1_21_1.layered+hash.40545-v2-neoforge-21.1.51.jar%23192!/:?]
	at TRANSFORMER/minecraft@1.21.1/net.minecraft.client.gui.components.AbstractWidget.mouseClicked(AbstractWidget.java:144) ~[neoforge-21.1.51-minecraft-merged-1.21.1-loom.mappings.1_21_1.layered+hash.40545-v2-neoforge-21.1.51.jar%23191!/:?]
	at TRANSFORMER/minecraft@1.21.1/net.minecraft.client.gui.components.events.ContainerEventHandler.mouseClicked(ContainerEventHandler.java:38) ~[neoforge-21.1.51-minecraft-merged-1.21.1-loom.mappings.1_21_1.layered+hash.40545-v2-neoforge-21.1.51.jar%23191!/:?]
	at TRANSFORMER/minecraft@1.21.1/net.minecraft.client.MouseHandler.method_1611(MouseHandler.java:98) ~[neoforge-21.1.51-minecraft-merged-1.21.1-loom.mappings.1_21_1.layered+hash.40545-v2-neoforge-21.1.51.jar%23191!/:?]
	at TRANSFORMER/minecraft@1.21.1/net.minecraft.client.gui.screens.Screen.wrapScreenError(Screen.java:449) ~[neoforge-21.1.51-minecraft-merged-1.21.1-loom.mappings.1_21_1.layered+hash.40545-v2-neoforge-21.1.51.jar%23191!/:?]
	at TRANSFORMER/minecraft@1.21.1/net.minecraft.client.MouseHandler.onPress(MouseHandler.java:95) ~[neoforge-21.1.51-minecraft-merged-1.21.1-loom.mappings.1_21_1.layered+hash.40545-v2-neoforge-21.1.51.jar%23191!/:?]
	at TRANSFORMER/minecraft@1.21.1/net.minecraft.client.MouseHandler.method_22686(MouseHandler.java:202) ~[neoforge-21.1.51-minecraft-merged-1.21.1-loom.mappings.1_21_1.layered+hash.40545-v2-neoforge-21.1.51.jar%23191!/:?]
	at TRANSFORMER/minecraft@1.21.1/net.minecraft.util.thread.BlockableEventLoop.execute(BlockableEventLoop.java:98) ~[neoforge-21.1.51-minecraft-merged-1.21.1-loom.mappings.1_21_1.layered+hash.40545-v2-neoforge-21.1.51.jar%23191!/:?]
	at TRANSFORMER/minecraft@1.21.1/net.minecraft.client.MouseHandler.method_22684(MouseHandler.java:202) ~[neoforge-21.1.51-minecraft-merged-1.21.1-loom.mappings.1_21_1.layered+hash.40545-v2-neoforge-21.1.51.jar%23191!/:?]
	at MC-BOOTSTRAP/org.lwjgl.glfw@3.3.3+5/org.lwjgl.glfw.GLFWMouseButtonCallbackI.callback(GLFWMouseButtonCallbackI.java:43) ~[lwjgl-glfw-3.3.3.jar%23172!/:build 5]
	at MC-BOOTSTRAP/org.lwjgl@3.3.3+5/org.lwjgl.system.JNI.invokeV(Native Method) ~[lwjgl-3.3.3.jar%23184!/:build 5]
	at MC-BOOTSTRAP/org.lwjgl.glfw@3.3.3+5/org.lwjgl.glfw.GLFW.glfwWaitEventsTimeout(GLFW.java:3509) ~[lwjgl-glfw-3.3.3.jar%23172!/:build 5]
	at TRANSFORMER/minecraft@1.21.1/com.mojang.blaze3d.systems.RenderSystem.limitDisplayFPS(RenderSystem.java:162) ~[neoforge-21.1.51-minecraft-merged-1.21.1-loom.mappings.1_21_1.layered+hash.40545-v2-neoforge-21.1.51.jar%23191!/:?]
	at TRANSFORMER/minecraft@1.21.1/net.minecraft.client.Minecraft.runTick(Minecraft.java:1220) ~[neoforge-21.1.51-minecraft-merged-1.21.1-loom.mappings.1_21_1.layered+hash.40545-v2-neoforge-21.1.51.jar%23191!/:?]
	at TRANSFORMER/minecraft@1.21.1/net.minecraft.client.Minecraft.run(Minecraft.java:807) ~[neoforge-21.1.51-minecraft-merged-1.21.1-loom.mappings.1_21_1.layered+hash.40545-v2-neoforge-21.1.51.jar%23191!/:?]
	at TRANSFORMER/minecraft@1.21.1/net.minecraft.client.main.Main.main(Main.java:230) ~[neoforge-21.1.51-minecraft-merged-1.21.1-loom.mappings.1_21_1.layered+hash.40545-v2-neoforge-21.1.51.jar%23191!/:?]
	at java.base/jdk.internal.reflect.DirectMethodHandleAccessor.invoke(DirectMethodHandleAccessor.java:103) ~[?:?]
	at java.base/java.lang.reflect.Method.invoke(Method.java:580) ~[?:?]
	at MC-BOOTSTRAP/fml_loader@4.0.24/net.neoforged.fml.loading.targets.CommonLaunchHandler.runTarget(CommonLaunchHandler.java:136) ~[loader-4.0.24.jar%23104!/:4.0]
	at MC-BOOTSTRAP/fml_loader@4.0.24/net.neoforged.fml.loading.targets.CommonLaunchHandler.clientService(CommonLaunchHandler.java:124) ~[loader-4.0.24.jar%23104!/:4.0]
	at MC-BOOTSTRAP/fml_loader@4.0.24/net.neoforged.fml.loading.targets.NeoForgeClientUserdevLaunchHandler.runService(NeoForgeClientUserdevLaunchHandler.java:23) ~[loader-4.0.24.jar%23104!/:4.0]
	at MC-BOOTSTRAP/fml_loader@4.0.24/net.neoforged.fml.loading.targets.CommonLaunchHandler.lambda$launchService$4(CommonLaunchHandler.java:118) ~[loader-4.0.24.jar%23104!/:4.0]
	at MC-BOOTSTRAP/cpw.mods.modlauncher@11.0.4/cpw.mods.modlauncher.LaunchServiceHandlerDecorator.launch(LaunchServiceHandlerDecorator.java:30) [modlauncher-11.0.4.jar%23106!/:?]
	at MC-BOOTSTRAP/cpw.mods.modlauncher@11.0.4/cpw.mods.modlauncher.LaunchServiceHandler.launch(LaunchServiceHandler.java:53) [modlauncher-11.0.4.jar%23106!/:?]
	at MC-BOOTSTRAP/cpw.mods.modlauncher@11.0.4/cpw.mods.modlauncher.LaunchServiceHandler.launch(LaunchServiceHandler.java:71) [modlauncher-11.0.4.jar%23106!/:?]
	at MC-BOOTSTRAP/cpw.mods.modlauncher@11.0.4/cpw.mods.modlauncher.Launcher.run(Launcher.java:103) [modlauncher-11.0.4.jar%23106!/:?]
	at MC-BOOTSTRAP/cpw.mods.modlauncher@11.0.4/cpw.mods.modlauncher.Launcher.main(Launcher.java:74) [modlauncher-11.0.4.jar%23106!/:?]
	at MC-BOOTSTRAP/cpw.mods.modlauncher@11.0.4/cpw.mods.modlauncher.BootstrapLaunchConsumer.accept(BootstrapLaunchConsumer.java:26) [modlauncher-11.0.4.jar%23106!/:?]
	at MC-BOOTSTRAP/cpw.mods.modlauncher@11.0.4/cpw.mods.modlauncher.BootstrapLaunchConsumer.accept(BootstrapLaunchConsumer.java:23) [modlauncher-11.0.4.jar%23106!/:?]
	at cpw.mods.bootstraplauncher.BootstrapLauncher.run(BootstrapLauncher.java:210) [bootstraplauncher-2.0.2.jar:?]
	at cpw.mods.bootstraplauncher.BootstrapLauncher.main(BootstrapLauncher.java:69) [bootstraplauncher-2.0.2.jar:?]
	at net.fabricmc.devlaunchinjector.Main.main(Main.java:86) [dev-launch-injector-0.2.1+build.8.jar:?]
	at dev.architectury.transformer.TransformerRuntime.main(TransformerRuntime.java:220) [architectury-transformer-5.2.87-runtime.jar:5.2.87]
[159月2024 18:59:32.842] [Render thread/ERROR] [net.minecraft.world.item.crafting.RecipeManager/]: Parsing error loading recipe seedsdelight:cutting/raw_acorn_noodle
com.google.gson.JsonParseException: Not a JSON object: "seedsdelight:raw_acorn_noodle"
	at MC-BOOTSTRAP/datafixerupper@8.0.16/com.mojang.serialization.DataResult$Error.getOrThrow(DataResult.java:287) ~[datafixerupper-8.0.16.jar%23149!/:?]
	at TRANSFORMER/minecraft@1.21.1/net.minecraft.world.item.crafting.RecipeManager.apply(RecipeManager.java:60) ~[neoforge-21.1.51-minecraft-merged-1.21.1-loom.mappings.1_21_1.layered+hash.40545-v2-neoforge-21.1.51.jar%23191!/:?]
	at TRANSFORMER/minecraft@1.21.1/net.minecraft.world.item.crafting.RecipeManager.apply(RecipeManager.java:36) ~[neoforge-21.1.51-minecraft-merged-1.21.1-loom.mappings.1_21_1.layered+hash.40545-v2-neoforge-21.1.51.jar%23191!/:?]
	at TRANSFORMER/minecraft@1.21.1/net.minecraft.server.packs.resources.SimplePreparableReloadListener.method_18790(SimplePreparableReloadListener.java:19) ~[neoforge-21.1.51-minecraft-merged-1.21.1-loom.mappings.1_21_1.layered+hash.40545-v2-neoforge-21.1.51.jar%23191!/:?]
	at java.base/java.util.concurrent.CompletableFuture$UniAccept.tryFire(CompletableFuture.java:718) ~[?:?]
	at java.base/java.util.concurrent.CompletableFuture$Completion.run(CompletableFuture.java:482) ~[?:?]
	at TRANSFORMER/minecraft@1.21.1/net.minecraft.server.packs.resources.SimpleReloadInstance.method_18365(SimpleReloadInstance.java:69) ~[neoforge-21.1.51-minecraft-merged-1.21.1-loom.mappings.1_21_1.layered+hash.40545-v2-neoforge-21.1.51.jar%23191!/:?]
	at TRANSFORMER/minecraft@1.21.1/net.minecraft.util.thread.BlockableEventLoop.doRunTask(BlockableEventLoop.java:148) ~[neoforge-21.1.51-minecraft-merged-1.21.1-loom.mappings.1_21_1.layered+hash.40545-v2-neoforge-21.1.51.jar%23191!/:?]
	at TRANSFORMER/minecraft@1.21.1/net.minecraft.util.thread.ReentrantBlockableEventLoop.doRunTask(ReentrantBlockableEventLoop.java:23) ~[neoforge-21.1.51-minecraft-merged-1.21.1-loom.mappings.1_21_1.layered+hash.40545-v2-neoforge-21.1.51.jar%23191!/:?]
	at TRANSFORMER/minecraft@1.21.1/net.minecraft.util.thread.BlockableEventLoop.pollTask(BlockableEventLoop.java:122) ~[neoforge-21.1.51-minecraft-merged-1.21.1-loom.mappings.1_21_1.layered+hash.40545-v2-neoforge-21.1.51.jar%23191!/:?]
	at TRANSFORMER/minecraft@1.21.1/net.minecraft.util.thread.BlockableEventLoop.managedBlock(BlockableEventLoop.java:132) ~[neoforge-21.1.51-minecraft-merged-1.21.1-loom.mappings.1_21_1.layered+hash.40545-v2-neoforge-21.1.51.jar%23191!/:?]
	at TRANSFORMER/minecraft@1.21.1/net.minecraft.client.gui.screens.worldselection.CreateWorldScreen.openFresh(CreateWorldScreen.java:139) ~[neoforge-21.1.51-minecraft-merged-1.21.1-loom.mappings.1_21_1.layered+hash.40545-v2-neoforge-21.1.51.jar%23191!/:?]
	at TRANSFORMER/minecraft@1.21.1/net.minecraft.client.gui.screens.worldselection.SelectWorldScreen.method_19944(SelectWorldScreen.java:54) ~[neoforge-21.1.51-minecraft-merged-1.21.1-loom.mappings.1_21_1.layered+hash.40545-v2-neoforge-21.1.51.jar%23191!/:?]
	at TRANSFORMER/minecraft@1.21.1/net.minecraft.client.gui.components.Button.onPress(Button.java:41) ~[neoforge-21.1.51-minecraft-merged-1.21.1-loom.mappings.1_21_1.layered+hash.40545-v2-neoforge-21.1.51.jar%23191!/:?]
	at TRANSFORMER/minecraft@1.21.1/net.minecraft.client.gui.components.AbstractButton.onClick(AbstractButton.java:47) ~[neoforge-21.1.51-minecraft-merged-1.21.1-loom.mappings.1_21_1.layered+hash.40545-v2-neoforge-21.1.51.jar%23191!/:?]
	at TRANSFORMER/neoforge@21.1.51/net.neoforged.neoforge.client.extensions.IAbstractWidgetExtension.onClick(IAbstractWidgetExtension.java:36) ~[neoforge-21.1.51-minecraft-merged-1.21.1-loom.mappings.1_21_1.layered+hash.40545-v2-neoforge-21.1.51.jar%23192!/:?]
	at TRANSFORMER/minecraft@1.21.1/net.minecraft.client.gui.components.AbstractWidget.mouseClicked(AbstractWidget.java:144) ~[neoforge-21.1.51-minecraft-merged-1.21.1-loom.mappings.1_21_1.layered+hash.40545-v2-neoforge-21.1.51.jar%23191!/:?]
	at TRANSFORMER/minecraft@1.21.1/net.minecraft.client.gui.components.events.ContainerEventHandler.mouseClicked(ContainerEventHandler.java:38) ~[neoforge-21.1.51-minecraft-merged-1.21.1-loom.mappings.1_21_1.layered+hash.40545-v2-neoforge-21.1.51.jar%23191!/:?]
	at TRANSFORMER/minecraft@1.21.1/net.minecraft.client.MouseHandler.method_1611(MouseHandler.java:98) ~[neoforge-21.1.51-minecraft-merged-1.21.1-loom.mappings.1_21_1.layered+hash.40545-v2-neoforge-21.1.51.jar%23191!/:?]
	at TRANSFORMER/minecraft@1.21.1/net.minecraft.client.gui.screens.Screen.wrapScreenError(Screen.java:449) ~[neoforge-21.1.51-minecraft-merged-1.21.1-loom.mappings.1_21_1.layered+hash.40545-v2-neoforge-21.1.51.jar%23191!/:?]
	at TRANSFORMER/minecraft@1.21.1/net.minecraft.client.MouseHandler.onPress(MouseHandler.java:95) ~[neoforge-21.1.51-minecraft-merged-1.21.1-loom.mappings.1_21_1.layered+hash.40545-v2-neoforge-21.1.51.jar%23191!/:?]
	at TRANSFORMER/minecraft@1.21.1/net.minecraft.client.MouseHandler.method_22686(MouseHandler.java:202) ~[neoforge-21.1.51-minecraft-merged-1.21.1-loom.mappings.1_21_1.layered+hash.40545-v2-neoforge-21.1.51.jar%23191!/:?]
	at TRANSFORMER/minecraft@1.21.1/net.minecraft.util.thread.BlockableEventLoop.execute(BlockableEventLoop.java:98) ~[neoforge-21.1.51-minecraft-merged-1.21.1-loom.mappings.1_21_1.layered+hash.40545-v2-neoforge-21.1.51.jar%23191!/:?]
	at TRANSFORMER/minecraft@1.21.1/net.minecraft.client.MouseHandler.method_22684(MouseHandler.java:202) ~[neoforge-21.1.51-minecraft-merged-1.21.1-loom.mappings.1_21_1.layered+hash.40545-v2-neoforge-21.1.51.jar%23191!/:?]
	at MC-BOOTSTRAP/org.lwjgl.glfw@3.3.3+5/org.lwjgl.glfw.GLFWMouseButtonCallbackI.callback(GLFWMouseButtonCallbackI.java:43) ~[lwjgl-glfw-3.3.3.jar%23172!/:build 5]
	at MC-BOOTSTRAP/org.lwjgl@3.3.3+5/org.lwjgl.system.JNI.invokeV(Native Method) ~[lwjgl-3.3.3.jar%23184!/:build 5]
	at MC-BOOTSTRAP/org.lwjgl.glfw@3.3.3+5/org.lwjgl.glfw.GLFW.glfwWaitEventsTimeout(GLFW.java:3509) ~[lwjgl-glfw-3.3.3.jar%23172!/:build 5]
	at TRANSFORMER/minecraft@1.21.1/com.mojang.blaze3d.systems.RenderSystem.limitDisplayFPS(RenderSystem.java:162) ~[neoforge-21.1.51-minecraft-merged-1.21.1-loom.mappings.1_21_1.layered+hash.40545-v2-neoforge-21.1.51.jar%23191!/:?]
	at TRANSFORMER/minecraft@1.21.1/net.minecraft.client.Minecraft.runTick(Minecraft.java:1220) ~[neoforge-21.1.51-minecraft-merged-1.21.1-loom.mappings.1_21_1.layered+hash.40545-v2-neoforge-21.1.51.jar%23191!/:?]
	at TRANSFORMER/minecraft@1.21.1/net.minecraft.client.Minecraft.run(Minecraft.java:807) ~[neoforge-21.1.51-minecraft-merged-1.21.1-loom.mappings.1_21_1.layered+hash.40545-v2-neoforge-21.1.51.jar%23191!/:?]
	at TRANSFORMER/minecraft@1.21.1/net.minecraft.client.main.Main.main(Main.java:230) ~[neoforge-21.1.51-minecraft-merged-1.21.1-loom.mappings.1_21_1.layered+hash.40545-v2-neoforge-21.1.51.jar%23191!/:?]
	at java.base/jdk.internal.reflect.DirectMethodHandleAccessor.invoke(DirectMethodHandleAccessor.java:103) ~[?:?]
	at java.base/java.lang.reflect.Method.invoke(Method.java:580) ~[?:?]
	at MC-BOOTSTRAP/fml_loader@4.0.24/net.neoforged.fml.loading.targets.CommonLaunchHandler.runTarget(CommonLaunchHandler.java:136) ~[loader-4.0.24.jar%23104!/:4.0]
	at MC-BOOTSTRAP/fml_loader@4.0.24/net.neoforged.fml.loading.targets.CommonLaunchHandler.clientService(CommonLaunchHandler.java:124) ~[loader-4.0.24.jar%23104!/:4.0]
	at MC-BOOTSTRAP/fml_loader@4.0.24/net.neoforged.fml.loading.targets.NeoForgeClientUserdevLaunchHandler.runService(NeoForgeClientUserdevLaunchHandler.java:23) ~[loader-4.0.24.jar%23104!/:4.0]
	at MC-BOOTSTRAP/fml_loader@4.0.24/net.neoforged.fml.loading.targets.CommonLaunchHandler.lambda$launchService$4(CommonLaunchHandler.java:118) ~[loader-4.0.24.jar%23104!/:4.0]
	at MC-BOOTSTRAP/cpw.mods.modlauncher@11.0.4/cpw.mods.modlauncher.LaunchServiceHandlerDecorator.launch(LaunchServiceHandlerDecorator.java:30) [modlauncher-11.0.4.jar%23106!/:?]
	at MC-BOOTSTRAP/cpw.mods.modlauncher@11.0.4/cpw.mods.modlauncher.LaunchServiceHandler.launch(LaunchServiceHandler.java:53) [modlauncher-11.0.4.jar%23106!/:?]
	at MC-BOOTSTRAP/cpw.mods.modlauncher@11.0.4/cpw.mods.modlauncher.LaunchServiceHandler.launch(LaunchServiceHandler.java:71) [modlauncher-11.0.4.jar%23106!/:?]
	at MC-BOOTSTRAP/cpw.mods.modlauncher@11.0.4/cpw.mods.modlauncher.Launcher.run(Launcher.java:103) [modlauncher-11.0.4.jar%23106!/:?]
	at MC-BOOTSTRAP/cpw.mods.modlauncher@11.0.4/cpw.mods.modlauncher.Launcher.main(Launcher.java:74) [modlauncher-11.0.4.jar%23106!/:?]
	at MC-BOOTSTRAP/cpw.mods.modlauncher@11.0.4/cpw.mods.modlauncher.BootstrapLaunchConsumer.accept(BootstrapLaunchConsumer.java:26) [modlauncher-11.0.4.jar%23106!/:?]
	at MC-BOOTSTRAP/cpw.mods.modlauncher@11.0.4/cpw.mods.modlauncher.BootstrapLaunchConsumer.accept(BootstrapLaunchConsumer.java:23) [modlauncher-11.0.4.jar%23106!/:?]
	at cpw.mods.bootstraplauncher.BootstrapLauncher.run(BootstrapLauncher.java:210) [bootstraplauncher-2.0.2.jar:?]
	at cpw.mods.bootstraplauncher.BootstrapLauncher.main(BootstrapLauncher.java:69) [bootstraplauncher-2.0.2.jar:?]
	at net.fabricmc.devlaunchinjector.Main.main(Main.java:86) [dev-launch-injector-0.2.1+build.8.jar:?]
	at dev.architectury.transformer.TransformerRuntime.main(TransformerRuntime.java:220) [architectury-transformer-5.2.87-runtime.jar:5.2.87]
[159月2024 18:59:32.869] [Render thread/INFO] [net.minecraft.world.item.crafting.RecipeManager/]: Loaded 1650 recipes
[159月2024 18:59:33.189] [Render thread/INFO] [net.minecraft.advancements.AdvancementTree/]: Loaded 1609 advancements
